2024-06-06T19:54:57.189+02:00  INFO 3490 --- [WillPlatform] [restartedMain] z.c.z.w.WillPlatformCoreApplication      : Starting WillPlatformCoreApplication using Java 17.0.9 with PID 3490 (/Users/faraizihove/Documents/MyFiles/projects/willplatform/will-platform-core/target/classes started by faraizihove in /Users/faraizihove/Documents/MyFiles/projects/willplatform)
2024-06-06T19:54:57.192+02:00  INFO 3490 --- [WillPlatform] [restartedMain] z.c.z.w.WillPlatformCoreApplication      : The following 1 profile is active: "dev"
2024-06-06T19:54:57.216+02:00  INFO 3490 --- [WillPlatform] [restartedMain] .e.DevToolsPropertyDefaultsPostProcessor : Devtools property defaults active! Set 'spring.devtools.add-properties' to 'false' to disable
2024-06-06T19:54:57.217+02:00  INFO 3490 --- [WillPlatform] [restartedMain] .e.DevToolsPropertyDefaultsPostProcessor : For additional web related logging consider setting the 'logging.level.web' property to 'DEBUG'
2024-06-06T19:54:57.718+02:00  INFO 3490 --- [WillPlatform] [restartedMain] .s.d.r.c.RepositoryConfigurationDelegate : Bootstrapping Spring Data JPA repositories in DEFAULT mode.
2024-06-06T19:54:57.820+02:00  INFO 3490 --- [WillPlatform] [restartedMain] .s.d.r.c.RepositoryConfigurationDelegate : Finished Spring Data repository scanning in 97 ms. Found 38 JPA repository interfaces.
2024-06-06T19:54:57.955+02:00  INFO 3490 --- [WillPlatform] [restartedMain] o.s.cloud.context.scope.GenericScope     : BeanFactory id=a3b23553-955e-32b9-9147-d4ef1593ea11
2024-06-06T19:54:58.371+02:00  INFO 3490 --- [WillPlatform] [restartedMain] o.s.b.w.embedded.tomcat.TomcatWebServer  : Tomcat initialized with port 8080 (http)
2024-06-06T19:54:58.378+02:00  INFO 3490 --- [WillPlatform] [restartedMain] o.apache.catalina.core.StandardService   : Starting service [Tomcat]
2024-06-06T19:54:58.378+02:00  INFO 3490 --- [WillPlatform] [restartedMain] o.apache.catalina.core.StandardEngine    : Starting Servlet engine: [Apache Tomcat/10.1.18]
2024-06-06T19:54:58.405+02:00  INFO 3490 --- [WillPlatform] [restartedMain] o.a.c.c.C.[Tomcat].[localhost].[/]       : Initializing Spring embedded WebApplicationContext
2024-06-06T19:54:58.405+02:00  INFO 3490 --- [WillPlatform] [restartedMain] w.s.c.ServletWebServerApplicationContext : Root WebApplicationContext: initialization completed in 1188 ms
2024-06-06T19:54:58.434+02:00  INFO 3490 --- [WillPlatform] [restartedMain] com.zaxxer.hikari.HikariDataSource       : HikariPool-1 - Starting...
2024-06-06T19:54:58.523+02:00  INFO 3490 --- [WillPlatform] [restartedMain] com.zaxxer.hikari.pool.HikariPool        : HikariPool-1 - Added connection conn0: url=jdbc:h2:mem:willplatform user=SA
2024-06-06T19:54:58.523+02:00  INFO 3490 --- [WillPlatform] [restartedMain] com.zaxxer.hikari.HikariDataSource       : HikariPool-1 - Start completed.
2024-06-06T19:54:58.529+02:00  INFO 3490 --- [WillPlatform] [restartedMain] o.s.b.a.h2.H2ConsoleAutoConfiguration    : H2 console available at '/h2-console'. Database available at 'jdbc:h2:mem:willplatform'
2024-06-06T19:54:58.623+02:00  INFO 3490 --- [WillPlatform] [restartedMain] o.hibernate.jpa.internal.util.LogHelper  : HHH000204: Processing PersistenceUnitInfo [name: default]
2024-06-06T19:54:58.652+02:00  INFO 3490 --- [WillPlatform] [restartedMain] org.hibernate.Version                    : HHH000412: Hibernate ORM core version 6.4.1.Final
2024-06-06T19:54:58.668+02:00  INFO 3490 --- [WillPlatform] [restartedMain] o.h.c.internal.RegionFactoryInitiator    : HHH000026: Second-level cache disabled
2024-06-06T19:54:58.774+02:00  INFO 3490 --- [WillPlatform] [restartedMain] o.s.o.j.p.SpringPersistenceUnitInfo      : No LoadTimeWeaver setup: ignoring JPA class transformer
2024-06-06T19:54:58.797+02:00  WARN 3490 --- [WillPlatform] [restartedMain] org.hibernate.orm.deprecation            : HHH90000025: H2Dialect does not need to be specified explicitly using 'hibernate.dialect' (remove the property setting and it will be selected by default)
2024-06-06T19:54:59.624+02:00  INFO 3490 --- [WillPlatform] [restartedMain] o.h.e.t.j.p.i.JtaPlatformInitiator       : HHH000489: No JTA platform available (set 'hibernate.transaction.jta.platform' to enable JTA platform integration)
2024-06-06T19:54:59.702+02:00  INFO 3490 --- [WillPlatform] [restartedMain] j.LocalContainerEntityManagerFactoryBean : Initialized JPA EntityManagerFactory for persistence unit 'default'
2024-06-06T19:55:01.092+02:00  WARN 3490 --- [WillPlatform] [restartedMain] ConfigServletWebServerApplicationContext : Exception encountered during context initialization - cancelling refresh attempt: org.springframework.beans.factory.BeanCreationException: Error creating bean with name 'willAlternativeExecutorProcessorImpl' defined in file [/Users/faraizihove/Documents/MyFiles/projects/willplatform/will-platform-core/target/classes/zw/co/zim/willplatform/processor/alternativeExecutor/WillAlternativeExecutorProcessorImpl.class]: Could not generate CGLIB subclass of class zw.co.zim.willplatform.processor.alternativeExecutor.WillAlternativeExecutorProcessorImpl: Common causes of this problem include using a final class or a non-visible class
2024-06-06T19:55:01.094+02:00  INFO 3490 --- [WillPlatform] [restartedMain] j.LocalContainerEntityManagerFactoryBean : Closing JPA EntityManagerFactory for persistence unit 'default'
2024-06-06T19:55:01.107+02:00  WARN 3490 --- [WillPlatform] [restartedMain] o.s.b.f.support.DisposableBeanAdapter    : Invocation of destroy method failed on bean with name 'inMemoryDatabaseShutdownExecutor': org.h2.jdbc.JdbcSQLNonTransientConnectionException: Database is already closed (to disable automatic closing at VM shutdown, add ";DB_CLOSE_ON_EXIT=FALSE" to the db URL) [90121-224]
2024-06-06T19:55:01.107+02:00  INFO 3490 --- [WillPlatform] [restartedMain] com.zaxxer.hikari.HikariDataSource       : HikariPool-1 - Shutdown initiated...
2024-06-06T19:55:01.108+02:00  INFO 3490 --- [WillPlatform] [restartedMain] com.zaxxer.hikari.HikariDataSource       : HikariPool-1 - Shutdown completed.
2024-06-06T19:55:01.114+02:00  INFO 3490 --- [WillPlatform] [restartedMain] o.apache.catalina.core.StandardService   : Stopping service [Tomcat]
2024-06-06T19:55:01.124+02:00  INFO 3490 --- [WillPlatform] [restartedMain] .s.b.a.l.ConditionEvaluationReportLogger : 

Error starting ApplicationContext. To display the condition evaluation report re-run your application with 'debug' enabled.
2024-06-06T19:55:01.133+02:00 ERROR 3490 --- [WillPlatform] [restartedMain] o.s.boot.SpringApplication               : Application run failed

org.springframework.beans.factory.BeanCreationException: Error creating bean with name 'willAlternativeExecutorProcessorImpl' defined in file [/Users/faraizihove/Documents/MyFiles/projects/willplatform/will-platform-core/target/classes/zw/co/zim/willplatform/processor/alternativeExecutor/WillAlternativeExecutorProcessorImpl.class]: Could not generate CGLIB subclass of class zw.co.zim.willplatform.processor.alternativeExecutor.WillAlternativeExecutorProcessorImpl: Common causes of this problem include using a final class or a non-visible class
	at org.springframework.beans.factory.support.AbstractAutowireCapableBeanFactory.doCreateBean(AbstractAutowireCapableBeanFactory.java:606) ~[spring-beans-6.1.3.jar:6.1.3]
	at org.springframework.beans.factory.support.AbstractAutowireCapableBeanFactory.createBean(AbstractAutowireCapableBeanFactory.java:521) ~[spring-beans-6.1.3.jar:6.1.3]
	at org.springframework.beans.factory.support.AbstractBeanFactory.lambda$doGetBean$0(AbstractBeanFactory.java:325) ~[spring-beans-6.1.3.jar:6.1.3]
	at org.springframework.beans.factory.support.DefaultSingletonBeanRegistry.getSingleton(DefaultSingletonBeanRegistry.java:234) ~[spring-beans-6.1.3.jar:6.1.3]
	at org.springframework.beans.factory.support.AbstractBeanFactory.doGetBean(AbstractBeanFactory.java:323) ~[spring-beans-6.1.3.jar:6.1.3]
	at org.springframework.beans.factory.support.AbstractBeanFactory.getBean(AbstractBeanFactory.java:199) ~[spring-beans-6.1.3.jar:6.1.3]
	at org.springframework.beans.factory.support.DefaultListableBeanFactory.preInstantiateSingletons(DefaultListableBeanFactory.java:975) ~[spring-beans-6.1.3.jar:6.1.3]
	at org.springframework.context.support.AbstractApplicationContext.finishBeanFactoryInitialization(AbstractApplicationContext.java:959) ~[spring-context-6.1.3.jar:6.1.3]
	at org.springframework.context.support.AbstractApplicationContext.refresh(AbstractApplicationContext.java:624) ~[spring-context-6.1.3.jar:6.1.3]
	at org.springframework.boot.web.servlet.context.ServletWebServerApplicationContext.refresh(ServletWebServerApplicationContext.java:146) ~[spring-boot-3.2.2.jar:3.2.2]
	at org.springframework.boot.SpringApplication.refresh(SpringApplication.java:754) ~[spring-boot-3.2.2.jar:3.2.2]
	at org.springframework.boot.SpringApplication.refreshContext(SpringApplication.java:456) ~[spring-boot-3.2.2.jar:3.2.2]
	at org.springframework.boot.SpringApplication.run(SpringApplication.java:334) ~[spring-boot-3.2.2.jar:3.2.2]
	at org.springframework.boot.SpringApplication.run(SpringApplication.java:1354) ~[spring-boot-3.2.2.jar:3.2.2]
	at org.springframework.boot.SpringApplication.run(SpringApplication.java:1343) ~[spring-boot-3.2.2.jar:3.2.2]
	at zw.co.zim.willplatform.WillPlatformCoreApplication.main(WillPlatformCoreApplication.java:13) ~[classes/:na]
	at java.base/jdk.internal.reflect.NativeMethodAccessorImpl.invoke0(Native Method) ~[na:na]
	at java.base/jdk.internal.reflect.NativeMethodAccessorImpl.invoke(NativeMethodAccessorImpl.java:77) ~[na:na]
	at java.base/jdk.internal.reflect.DelegatingMethodAccessorImpl.invoke(DelegatingMethodAccessorImpl.java:43) ~[na:na]
	at java.base/java.lang.reflect.Method.invoke(Method.java:568) ~[na:na]
	at org.springframework.boot.devtools.restart.RestartLauncher.run(RestartLauncher.java:50) ~[spring-boot-devtools-3.2.2.jar:3.2.2]
Caused by: org.springframework.aop.framework.AopConfigException: Could not generate CGLIB subclass of class zw.co.zim.willplatform.processor.alternativeExecutor.WillAlternativeExecutorProcessorImpl: Common causes of this problem include using a final class or a non-visible class
	at org.springframework.aop.framework.CglibAopProxy.buildProxy(CglibAopProxy.java:227) ~[spring-aop-6.1.3.jar:6.1.3]
	at org.springframework.aop.framework.CglibAopProxy.getProxy(CglibAopProxy.java:160) ~[spring-aop-6.1.3.jar:6.1.3]
	at org.springframework.aop.framework.ProxyFactory.getProxy(ProxyFactory.java:110) ~[spring-aop-6.1.3.jar:6.1.3]
	at org.springframework.aop.framework.autoproxy.AbstractAutoProxyCreator.buildProxy(AbstractAutoProxyCreator.java:517) ~[spring-aop-6.1.3.jar:6.1.3]
	at org.springframework.aop.framework.autoproxy.AbstractAutoProxyCreator.createProxy(AbstractAutoProxyCreator.java:464) ~[spring-aop-6.1.3.jar:6.1.3]
	at org.springframework.aop.framework.autoproxy.AbstractAutoProxyCreator.wrapIfNecessary(AbstractAutoProxyCreator.java:369) ~[spring-aop-6.1.3.jar:6.1.3]
	at org.springframework.aop.framework.autoproxy.AbstractAutoProxyCreator.postProcessAfterInitialization(AbstractAutoProxyCreator.java:318) ~[spring-aop-6.1.3.jar:6.1.3]
	at org.springframework.beans.factory.support.AbstractAutowireCapableBeanFactory.applyBeanPostProcessorsAfterInitialization(AbstractAutowireCapableBeanFactory.java:437) ~[spring-beans-6.1.3.jar:6.1.3]
	at org.springframework.beans.factory.support.AbstractAutowireCapableBeanFactory.initializeBean(AbstractAutowireCapableBeanFactory.java:1776) ~[spring-beans-6.1.3.jar:6.1.3]
	at org.springframework.beans.factory.support.AbstractAutowireCapableBeanFactory.doCreateBean(AbstractAutowireCapableBeanFactory.java:599) ~[spring-beans-6.1.3.jar:6.1.3]
	... 20 common frames omitted
Caused by: java.lang.IllegalArgumentException: Cannot subclass final class zw.co.zim.willplatform.processor.alternativeExecutor.WillAlternativeExecutorProcessorImpl
	at org.springframework.cglib.proxy.Enhancer.generateClass(Enhancer.java:653) ~[spring-core-6.1.3.jar:6.1.3]
	at org.springframework.cglib.core.DefaultGeneratorStrategy.generate(DefaultGeneratorStrategy.java:26) ~[spring-core-6.1.3.jar:6.1.3]
	at org.springframework.cglib.core.ClassLoaderAwareGeneratorStrategy.generate(ClassLoaderAwareGeneratorStrategy.java:57) ~[spring-core-6.1.3.jar:6.1.3]
	at org.springframework.cglib.core.AbstractClassGenerator.generate(AbstractClassGenerator.java:366) ~[spring-core-6.1.3.jar:6.1.3]
	at org.springframework.cglib.proxy.Enhancer.generate(Enhancer.java:575) ~[spring-core-6.1.3.jar:6.1.3]
	at org.springframework.cglib.core.AbstractClassGenerator$ClassLoaderData.get(AbstractClassGenerator.java:127) ~[spring-core-6.1.3.jar:6.1.3]
	at org.springframework.cglib.core.AbstractClassGenerator.create(AbstractClassGenerator.java:317) ~[spring-core-6.1.3.jar:6.1.3]
	at org.springframework.cglib.proxy.Enhancer.createHelper(Enhancer.java:562) ~[spring-core-6.1.3.jar:6.1.3]
	at org.springframework.cglib.proxy.Enhancer.createClass(Enhancer.java:407) ~[spring-core-6.1.3.jar:6.1.3]
	at org.springframework.aop.framework.ObjenesisCglibAopProxy.createProxyClassAndInstance(ObjenesisCglibAopProxy.java:62) ~[spring-aop-6.1.3.jar:6.1.3]
	at org.springframework.aop.framework.CglibAopProxy.buildProxy(CglibAopProxy.java:218) ~[spring-aop-6.1.3.jar:6.1.3]
	... 29 common frames omitted

