2024-04-01T15:10:27.046+02:00  INFO 21526 --- [WillPlatform] [restartedMain] z.c.z.w.WillPlatformCoreApplication      : Starting WillPlatformCoreApplication using Java 17.0.9 with PID 21526 (/Users/faraizihove/Documents/MyFiles/projects/willplatform/will-platform-core/target/classes started by faraizihove in /Users/faraizihove/Documents/MyFiles/projects/willplatform/will-platform-core)
2024-04-01T15:10:27.047+02:00  INFO 21526 --- [WillPlatform] [restartedMain] z.c.z.w.WillPlatformCoreApplication      : The following 1 profile is active: "dev"
2024-04-01T15:10:27.068+02:00  INFO 21526 --- [WillPlatform] [restartedMain] .e.DevToolsPropertyDefaultsPostProcessor : Devtools property defaults active! Set 'spring.devtools.add-properties' to 'false' to disable
2024-04-01T15:10:27.069+02:00  INFO 21526 --- [WillPlatform] [restartedMain] .e.DevToolsPropertyDefaultsPostProcessor : For additional web related logging consider setting the 'logging.level.web' property to 'DEBUG'
2024-04-01T15:10:27.390+02:00  INFO 21526 --- [WillPlatform] [restartedMain] .s.d.r.c.RepositoryConfigurationDelegate : Bootstrapping Spring Data JPA repositories in DEFAULT mode.
2024-04-01T15:10:27.434+02:00  INFO 21526 --- [WillPlatform] [restartedMain] .s.d.r.c.RepositoryConfigurationDelegate : Finished Spring Data repository scanning in 40 ms. Found 11 JPA repository interfaces.
2024-04-01T15:10:27.791+02:00  INFO 21526 --- [WillPlatform] [restartedMain] o.s.b.w.embedded.tomcat.TomcatWebServer  : Tomcat initialized with port 8080 (http)
2024-04-01T15:10:27.798+02:00  INFO 21526 --- [WillPlatform] [restartedMain] o.apache.catalina.core.StandardService   : Starting service [Tomcat]
2024-04-01T15:10:27.798+02:00  INFO 21526 --- [WillPlatform] [restartedMain] o.apache.catalina.core.StandardEngine    : Starting Servlet engine: [Apache Tomcat/10.1.18]
2024-04-01T15:10:27.826+02:00  INFO 21526 --- [WillPlatform] [restartedMain] o.a.c.c.C.[.[localhost].[/WillPlatform]  : Initializing Spring embedded WebApplicationContext
2024-04-01T15:10:27.827+02:00  INFO 21526 --- [WillPlatform] [restartedMain] w.s.c.ServletWebServerApplicationContext : Root WebApplicationContext: initialization completed in 758 ms
2024-04-01T15:10:27.847+02:00  INFO 21526 --- [WillPlatform] [restartedMain] com.zaxxer.hikari.HikariDataSource       : HikariPool-1 - Starting...
2024-04-01T15:10:27.940+02:00  INFO 21526 --- [WillPlatform] [restartedMain] com.zaxxer.hikari.pool.HikariPool        : HikariPool-1 - Added connection conn0: url=jdbc:h2:mem:willplatform user=SA
2024-04-01T15:10:27.941+02:00  INFO 21526 --- [WillPlatform] [restartedMain] com.zaxxer.hikari.HikariDataSource       : HikariPool-1 - Start completed.
2024-04-01T15:10:27.947+02:00  INFO 21526 --- [WillPlatform] [restartedMain] o.s.b.a.h2.H2ConsoleAutoConfiguration    : H2 console available at '/h2-console'. Database available at 'jdbc:h2:mem:willplatform'
2024-04-01T15:10:28.025+02:00  INFO 21526 --- [WillPlatform] [restartedMain] o.hibernate.jpa.internal.util.LogHelper  : HHH000204: Processing PersistenceUnitInfo [name: default]
2024-04-01T15:10:28.047+02:00  INFO 21526 --- [WillPlatform] [restartedMain] org.hibernate.Version                    : HHH000412: Hibernate ORM core version 6.4.1.Final
2024-04-01T15:10:28.061+02:00  INFO 21526 --- [WillPlatform] [restartedMain] o.h.c.internal.RegionFactoryInitiator    : HHH000026: Second-level cache disabled
2024-04-01T15:10:28.154+02:00  INFO 21526 --- [WillPlatform] [restartedMain] o.s.o.j.p.SpringPersistenceUnitInfo      : No LoadTimeWeaver setup: ignoring JPA class transformer
2024-04-01T15:10:28.175+02:00  WARN 21526 --- [WillPlatform] [restartedMain] org.hibernate.orm.deprecation            : HHH90000025: H2Dialect does not need to be specified explicitly using 'hibernate.dialect' (remove the property setting and it will be selected by default)
2024-04-01T15:10:28.719+02:00  INFO 21526 --- [WillPlatform] [restartedMain] o.h.e.t.j.p.i.JtaPlatformInitiator       : HHH000489: No JTA platform available (set 'hibernate.transaction.jta.platform' to enable JTA platform integration)
2024-04-01T15:10:28.754+02:00  INFO 21526 --- [WillPlatform] [restartedMain] j.LocalContainerEntityManagerFactoryBean : Initialized JPA EntityManagerFactory for persistence unit 'default'
2024-04-01T15:10:29.285+02:00  WARN 21526 --- [WillPlatform] [restartedMain] JpaBaseConfiguration$JpaWebConfiguration : spring.jpa.open-in-view is enabled by default. Therefore, database queries may be performed during view rendering. Explicitly configure spring.jpa.open-in-view to disable this warning
2024-04-01T15:10:29.608+02:00  WARN 21526 --- [WillPlatform] [restartedMain] o.s.b.d.a.OptionalLiveReloadServer       : Unable to start LiveReload server
2024-04-01T15:10:29.623+02:00  WARN 21526 --- [WillPlatform] [restartedMain] ConfigServletWebServerApplicationContext : Exception encountered during context initialization - cancelling refresh attempt: org.springframework.context.ApplicationContextException: Failed to start bean 'webServerStartStop'
2024-04-01T15:10:29.625+02:00  INFO 21526 --- [WillPlatform] [restartedMain] j.LocalContainerEntityManagerFactoryBean : Closing JPA EntityManagerFactory for persistence unit 'default'
2024-04-01T15:10:29.633+02:00  WARN 21526 --- [WillPlatform] [restartedMain] o.s.b.f.support.DisposableBeanAdapter    : Invocation of destroy method failed on bean with name 'inMemoryDatabaseShutdownExecutor': org.h2.jdbc.JdbcSQLNonTransientConnectionException: Database is already closed (to disable automatic closing at VM shutdown, add ";DB_CLOSE_ON_EXIT=FALSE" to the db URL) [90121-224]
2024-04-01T15:10:29.633+02:00  INFO 21526 --- [WillPlatform] [restartedMain] com.zaxxer.hikari.HikariDataSource       : HikariPool-1 - Shutdown initiated...
2024-04-01T15:10:29.635+02:00  INFO 21526 --- [WillPlatform] [restartedMain] com.zaxxer.hikari.HikariDataSource       : HikariPool-1 - Shutdown completed.
2024-04-01T15:10:29.644+02:00  INFO 21526 --- [WillPlatform] [restartedMain] .s.b.a.l.ConditionEvaluationReportLogger : 

Error starting ApplicationContext. To display the condition evaluation report re-run your application with 'debug' enabled.
2024-04-01T15:10:29.653+02:00 ERROR 21526 --- [WillPlatform] [restartedMain] o.s.b.d.LoggingFailureAnalysisReporter   : 

***************************
APPLICATION FAILED TO START
***************************

Description:

Web server failed to start. Port 8080 was already in use.

Action:

Identify and stop the process that's listening on port 8080 or configure this application to listen on another port.

2024-04-01T15:11:01.086+02:00  INFO 21549 --- [WillPlatform] [main] z.c.z.w.SmartwillApplicationTests        : Starting SmartwillApplicationTests using Java 17.0.9 with PID 21549 (started by faraizihove in /Users/faraizihove/Documents/MyFiles/projects/willplatform/will-platform-core)
2024-04-01T15:11:01.086+02:00  INFO 21549 --- [WillPlatform] [main] z.c.z.w.SmartwillApplicationTests        : The following 1 profile is active: "dev"
2024-04-01T15:11:01.446+02:00  INFO 21549 --- [WillPlatform] [main] .s.d.r.c.RepositoryConfigurationDelegate : Bootstrapping Spring Data JPA repositories in DEFAULT mode.
2024-04-01T15:11:01.493+02:00  INFO 21549 --- [WillPlatform] [main] .s.d.r.c.RepositoryConfigurationDelegate : Finished Spring Data repository scanning in 42 ms. Found 11 JPA repository interfaces.
2024-04-01T15:11:01.815+02:00  INFO 21549 --- [WillPlatform] [main] o.hibernate.jpa.internal.util.LogHelper  : HHH000204: Processing PersistenceUnitInfo [name: default]
2024-04-01T15:11:01.837+02:00  INFO 21549 --- [WillPlatform] [main] org.hibernate.Version                    : HHH000412: Hibernate ORM core version 6.4.1.Final
2024-04-01T15:11:01.852+02:00  INFO 21549 --- [WillPlatform] [main] o.h.c.internal.RegionFactoryInitiator    : HHH000026: Second-level cache disabled
2024-04-01T15:11:01.954+02:00  INFO 21549 --- [WillPlatform] [main] o.s.o.j.p.SpringPersistenceUnitInfo      : No LoadTimeWeaver setup: ignoring JPA class transformer
2024-04-01T15:11:01.965+02:00  INFO 21549 --- [WillPlatform] [main] com.zaxxer.hikari.HikariDataSource       : HikariPool-1 - Starting...
2024-04-01T15:11:02.046+02:00  INFO 21549 --- [WillPlatform] [main] com.zaxxer.hikari.pool.HikariPool        : HikariPool-1 - Added connection conn0: url=jdbc:h2:mem:willplatform user=SA
2024-04-01T15:11:02.047+02:00  INFO 21549 --- [WillPlatform] [main] com.zaxxer.hikari.HikariDataSource       : HikariPool-1 - Start completed.
2024-04-01T15:11:02.057+02:00  WARN 21549 --- [WillPlatform] [main] org.hibernate.orm.deprecation            : HHH90000025: H2Dialect does not need to be specified explicitly using 'hibernate.dialect' (remove the property setting and it will be selected by default)
2024-04-01T15:11:02.654+02:00  INFO 21549 --- [WillPlatform] [main] o.h.e.t.j.p.i.JtaPlatformInitiator       : HHH000489: No JTA platform available (set 'hibernate.transaction.jta.platform' to enable JTA platform integration)
2024-04-01T15:11:02.694+02:00  INFO 21549 --- [WillPlatform] [main] j.LocalContainerEntityManagerFactoryBean : Initialized JPA EntityManagerFactory for persistence unit 'default'
2024-04-01T15:11:03.345+02:00  WARN 21549 --- [WillPlatform] [main] JpaBaseConfiguration$JpaWebConfiguration : spring.jpa.open-in-view is enabled by default. Therefore, database queries may be performed during view rendering. Explicitly configure spring.jpa.open-in-view to disable this warning
2024-04-01T15:11:03.639+02:00  INFO 21549 --- [WillPlatform] [main] o.s.b.a.h2.H2ConsoleAutoConfiguration    : H2 console available at '/h2-console'. Database available at 'jdbc:h2:mem:willplatform'
2024-04-01T15:11:03.693+02:00  INFO 21549 --- [WillPlatform] [main] z.c.z.w.SmartwillApplicationTests        : Started SmartwillApplicationTests in 2.739 seconds (process running for 3.147)
2024-04-01T15:11:04.087+02:00  INFO 21549 --- [WillPlatform] [SpringApplicationShutdownHook] j.LocalContainerEntityManagerFactoryBean : Closing JPA EntityManagerFactory for persistence unit 'default'
2024-04-01T15:11:04.097+02:00  INFO 21549 --- [WillPlatform] [SpringApplicationShutdownHook] com.zaxxer.hikari.HikariDataSource       : HikariPool-1 - Shutdown initiated...
2024-04-01T15:11:04.099+02:00  INFO 21549 --- [WillPlatform] [SpringApplicationShutdownHook] com.zaxxer.hikari.HikariDataSource       : HikariPool-1 - Shutdown completed.
2024-04-01T15:11:26.287+02:00  INFO 21560 --- [WillPlatform] [main] z.c.z.w.WillPlatformCoreApplication      : Starting WillPlatformCoreApplication v0.0.1-SNAPSHOT using Java 17.0.9 with PID 21560 (/Users/faraizihove/Documents/MyFiles/projects/willplatform/will-platform-core/target/will-platform-core.jar started by faraizihove in /Users/faraizihove/Documents/MyFiles/projects/willplatform/will-platform-core)
2024-04-01T15:11:26.290+02:00  INFO 21560 --- [WillPlatform] [main] z.c.z.w.WillPlatformCoreApplication      : The following 1 profile is active: "dev"
2024-04-01T15:11:26.848+02:00  INFO 21560 --- [WillPlatform] [main] .s.d.r.c.RepositoryConfigurationDelegate : Bootstrapping Spring Data JPA repositories in DEFAULT mode.
2024-04-01T15:11:26.899+02:00  INFO 21560 --- [WillPlatform] [main] .s.d.r.c.RepositoryConfigurationDelegate : Finished Spring Data repository scanning in 45 ms. Found 11 JPA repository interfaces.
2024-04-01T15:11:27.314+02:00  INFO 21560 --- [WillPlatform] [main] o.s.b.w.embedded.tomcat.TomcatWebServer  : Tomcat initialized with port 8080 (http)
2024-04-01T15:11:27.320+02:00  INFO 21560 --- [WillPlatform] [main] o.apache.catalina.core.StandardService   : Starting service [Tomcat]
2024-04-01T15:11:27.320+02:00  INFO 21560 --- [WillPlatform] [main] o.apache.catalina.core.StandardEngine    : Starting Servlet engine: [Apache Tomcat/10.1.18]
2024-04-01T15:11:27.341+02:00  INFO 21560 --- [WillPlatform] [main] o.a.c.c.C.[.[localhost].[/WillPlatform]  : Initializing Spring embedded WebApplicationContext
2024-04-01T15:11:27.342+02:00  INFO 21560 --- [WillPlatform] [main] w.s.c.ServletWebServerApplicationContext : Root WebApplicationContext: initialization completed in 993 ms
2024-04-01T15:11:27.376+02:00  INFO 21560 --- [WillPlatform] [main] com.zaxxer.hikari.HikariDataSource       : HikariPool-1 - Starting...
2024-04-01T15:11:27.502+02:00  INFO 21560 --- [WillPlatform] [main] com.zaxxer.hikari.pool.HikariPool        : HikariPool-1 - Added connection conn0: url=jdbc:h2:mem:willplatform user=SA
2024-04-01T15:11:27.503+02:00  INFO 21560 --- [WillPlatform] [main] com.zaxxer.hikari.HikariDataSource       : HikariPool-1 - Start completed.
2024-04-01T15:11:27.510+02:00  INFO 21560 --- [WillPlatform] [main] o.s.b.a.h2.H2ConsoleAutoConfiguration    : H2 console available at '/h2-console'. Database available at 'jdbc:h2:mem:willplatform'
2024-04-01T15:11:27.586+02:00  INFO 21560 --- [WillPlatform] [main] o.hibernate.jpa.internal.util.LogHelper  : HHH000204: Processing PersistenceUnitInfo [name: default]
2024-04-01T15:11:27.613+02:00  INFO 21560 --- [WillPlatform] [main] org.hibernate.Version                    : HHH000412: Hibernate ORM core version 6.4.1.Final
2024-04-01T15:11:27.629+02:00  INFO 21560 --- [WillPlatform] [main] o.h.c.internal.RegionFactoryInitiator    : HHH000026: Second-level cache disabled
2024-04-01T15:11:27.736+02:00  INFO 21560 --- [WillPlatform] [main] o.s.o.j.p.SpringPersistenceUnitInfo      : No LoadTimeWeaver setup: ignoring JPA class transformer
2024-04-01T15:11:27.757+02:00  WARN 21560 --- [WillPlatform] [main] org.hibernate.orm.deprecation            : HHH90000025: H2Dialect does not need to be specified explicitly using 'hibernate.dialect' (remove the property setting and it will be selected by default)
2024-04-01T15:11:28.376+02:00  INFO 21560 --- [WillPlatform] [main] o.h.e.t.j.p.i.JtaPlatformInitiator       : HHH000489: No JTA platform available (set 'hibernate.transaction.jta.platform' to enable JTA platform integration)
2024-04-01T15:11:28.413+02:00  INFO 21560 --- [WillPlatform] [main] j.LocalContainerEntityManagerFactoryBean : Initialized JPA EntityManagerFactory for persistence unit 'default'
2024-04-01T15:11:29.008+02:00  WARN 21560 --- [WillPlatform] [main] JpaBaseConfiguration$JpaWebConfiguration : spring.jpa.open-in-view is enabled by default. Therefore, database queries may be performed during view rendering. Explicitly configure spring.jpa.open-in-view to disable this warning
2024-04-01T15:11:29.330+02:00  WARN 21560 --- [WillPlatform] [main] ConfigServletWebServerApplicationContext : Exception encountered during context initialization - cancelling refresh attempt: org.springframework.context.ApplicationContextException: Failed to start bean 'webServerStartStop'
2024-04-01T15:11:29.332+02:00  INFO 21560 --- [WillPlatform] [main] j.LocalContainerEntityManagerFactoryBean : Closing JPA EntityManagerFactory for persistence unit 'default'
2024-04-01T15:11:29.339+02:00  INFO 21560 --- [WillPlatform] [main] com.zaxxer.hikari.HikariDataSource       : HikariPool-1 - Shutdown initiated...
2024-04-01T15:11:29.340+02:00  INFO 21560 --- [WillPlatform] [main] com.zaxxer.hikari.HikariDataSource       : HikariPool-1 - Shutdown completed.
2024-04-01T15:11:29.349+02:00  INFO 21560 --- [WillPlatform] [main] .s.b.a.l.ConditionEvaluationReportLogger : 

Error starting ApplicationContext. To display the condition evaluation report re-run your application with 'debug' enabled.
2024-04-01T15:11:29.361+02:00 ERROR 21560 --- [WillPlatform] [main] o.s.b.d.LoggingFailureAnalysisReporter   : 

***************************
APPLICATION FAILED TO START
***************************

Description:

Web server failed to start. Port 8080 was already in use.

Action:

Identify and stop the process that's listening on port 8080 or configure this application to listen on another port.

